<?xml version="1.0" encoding="UTF-8"?>
<testsuite name="com.jojoldu.book.springboot.web.dto.HelloResponseDtoTest" tests="1" skipped="0" failures="0" errors="0" timestamp="2020-02-12T11:39:02" hostname="choiui-MacBook-Pro.local" time="0.038">
  <properties/>
  <testcase name="lombok" classname="com.jojoldu.book.springboot.web.dto.HelloResponseDtoTest" time="0.038"/>
  <system-out><![CDATA[]]></system-out>
  <system-err><![CDATA[]]></system-err>
</testsuite>
